<?xml version="1.0" encoding="UTF-8"?>
<!-- Generated by org.testng.reporters.JUnitReportReporter -->
<testsuite hostname="LAPTOP-PPQ0FGJG" failures="0" tests="1" name="TestCases.Quotation_TC003" time="65.193" errors="0" timestamp="2024-05-08T14:00:14 IST" skipped="0">
  <testcase classname="TestCases.Quotation_TC003" name="Quotation_test" time="65.193"/>
  <system-out/>
</testsuite> <!-- TestCases.Quotation_TC003 -->
