<?xml version="1.0" encoding="UTF-8"?>
<!-- Generated by org.testng.reporters.JUnitReportReporter -->
<testsuite hostname="LAPTOP-PPQ0FGJG" failures="0" tests="1" name="TestCases.Exports_TC_009" time="49.575" errors="0" timestamp="2024-06-05T13:10:58 IST" skipped="0">
  <testcase classname="TestCases.Exports_TC_009" name="New_Export_offer" time="49.575"/>
  <system-out/>
</testsuite> <!-- TestCases.Exports_TC_009 -->
