<?xml version="1.0" encoding="UTF-8"?>
<!-- Generated by org.testng.reporters.JUnitReportReporter -->
<testsuite hostname="LAPTOP-PPQ0FGJG" failures="0" tests="1" name="TestCases.Inventory_TC008" time="27.429" errors="0" timestamp="2024-05-22T14:58:33 IST" skipped="0">
  <testcase classname="TestCases.Inventory_TC008" name="Add_item_add_stoke_assign_view_stoke" time="27.429"/>
  <system-out/>
</testsuite> <!-- TestCases.Inventory_TC008 -->
