<?xml version="1.0" encoding="UTF-8"?>
<!-- Generated by org.testng.reporters.JUnitReportReporter -->
<testsuite hostname="LAPTOP-PPQ0FGJG" failures="0" tests="1" name="TestCases.Vendor_Details_TC004" time="84.945" errors="0" timestamp="2024-05-09T12:37:11 IST" skipped="0">
  <testcase classname="TestCases.Vendor_Details_TC004" name="Vendor_details" time="84.945"/>
  <system-out/>
</testsuite> <!-- TestCases.Vendor_Details_TC004 -->
