<?xml version="1.0" encoding="UTF-8"?>
<!-- Generated by org.testng.reporters.JUnitReportReporter -->
<testsuite hostname="LAPTOP-PPQ0FGJG" failures="0" tests="1" name="TestCases.Purchase_Order_TC004" time="78.762" errors="0" timestamp="2024-05-20T12:39:24 IST" skipped="0">
  <testcase classname="TestCases.Purchase_Order_TC004" name="purchase_order" time="78.762"/>
  <system-out/>
</testsuite> <!-- TestCases.Purchase_Order_TC004 -->
