<?xml version="1.0" encoding="UTF-8"?>
<!-- Generated by org.testng.reporters.JUnitReportReporter -->
<testsuite hostname="LAPTOP-PPQ0FGJG" failures="0" tests="1" name="TestCases.Login_Test_Case" time="90.453" errors="0" timestamp="2024-05-02T11:41:03 IST" skipped="0">
  <testcase classname="TestCases.Login_Test_Case" name="login" time="90.453"/>
  <system-out/>
</testsuite> <!-- TestCases.Login_Test_Case -->
